[INFO] [2016-09-08 09:58:19][org.springframework.context.support.FileSystemXmlApplicationContext]Refreshing org.springframework.context.support.FileSystemXmlApplicationContext@23223dd8: startup date [Thu Sep 08 09:58:19 CST 2016]; root of context hierarchy
[INFO] [2016-09-08 09:58:19][org.springframework.beans.factory.xml.XmlBeanDefinitionReader]Loading XML bean definitions from class path resource [spring-mvc.xml]
[INFO] [2016-09-08 10:01:51][org.springframework.context.support.FileSystemXmlApplicationContext]Refreshing org.springframework.context.support.FileSystemXmlApplicationContext@23223dd8: startup date [Thu Sep 08 10:01:51 CST 2016]; root of context hierarchy
[INFO] [2016-09-08 10:01:51][org.springframework.beans.factory.xml.XmlBeanDefinitionReader]Loading XML bean definitions from class path resource [spring-mvc.xml]
[INFO] [2016-09-08 10:04:13][org.springframework.context.support.FileSystemXmlApplicationContext]Refreshing org.springframework.context.support.FileSystemXmlApplicationContext@525f1e4e: startup date [Thu Sep 08 10:04:13 CST 2016]; root of context hierarchy
[INFO] [2016-09-08 10:04:13][org.springframework.beans.factory.xml.XmlBeanDefinitionReader]Loading XML bean definitions from class path resource [spring-mvc.xml]
[INFO] [2016-09-08 10:04:52][org.springframework.context.support.FileSystemXmlApplicationContext]Refreshing org.springframework.context.support.FileSystemXmlApplicationContext@23223dd8: startup date [Thu Sep 08 10:04:52 CST 2016]; root of context hierarchy
[INFO] [2016-09-08 10:04:52][org.springframework.beans.factory.xml.XmlBeanDefinitionReader]Loading XML bean definitions from class path resource [spring-mvc.xml]
[INFO] [2016-09-08 10:33:07][org.springframework.context.support.FileSystemXmlApplicationContext]Refreshing org.springframework.context.support.FileSystemXmlApplicationContext@23223dd8: startup date [Thu Sep 08 10:33:07 CST 2016]; root of context hierarchy
[INFO] [2016-09-08 10:33:07][org.springframework.beans.factory.xml.XmlBeanDefinitionReader]Loading XML bean definitions from class path resource [spring-mvc.xml]
[INFO] [2016-09-08 10:37:36][org.springframework.context.support.FileSystemXmlApplicationContext]Refreshing org.springframework.context.support.FileSystemXmlApplicationContext@23223dd8: startup date [Thu Sep 08 10:37:36 CST 2016]; root of context hierarchy
[INFO] [2016-09-08 10:37:36][org.springframework.beans.factory.xml.XmlBeanDefinitionReader]Loading XML bean definitions from class path resource [spring-mvc.xml]
[INFO] [2016-09-08 10:37:37][org.springframework.context.support.PropertySourcesPlaceholderConfigurer]Loading properties file from class path resource [database.properties]
[INFO] [2016-09-08 10:38:01][org.springframework.context.support.FileSystemXmlApplicationContext]Refreshing org.springframework.context.support.FileSystemXmlApplicationContext@23223dd8: startup date [Thu Sep 08 10:38:01 CST 2016]; root of context hierarchy
[INFO] [2016-09-08 10:38:01][org.springframework.beans.factory.xml.XmlBeanDefinitionReader]Loading XML bean definitions from class path resource [spring-mvc.xml]
[INFO] [2016-09-08 10:38:02][org.springframework.context.support.PropertySourcesPlaceholderConfigurer]Loading properties file from class path resource [jdbc.properties]
[INFO] [2016-09-08 10:39:43][org.springframework.context.support.FileSystemXmlApplicationContext]Refreshing org.springframework.context.support.FileSystemXmlApplicationContext@525f1e4e: startup date [Thu Sep 08 10:39:43 CST 2016]; root of context hierarchy
[INFO] [2016-09-08 10:39:43][org.springframework.beans.factory.xml.XmlBeanDefinitionReader]Loading XML bean definitions from class path resource [spring-mvc.xml]
[INFO] [2016-09-08 10:39:44][org.springframework.context.support.PropertySourcesPlaceholderConfigurer]Loading properties file from class path resource [jdbc.properties]
[INFO] [2016-09-08 10:42:11][org.springframework.context.support.FileSystemXmlApplicationContext]Refreshing org.springframework.context.support.FileSystemXmlApplicationContext@23223dd8: startup date [Thu Sep 08 10:42:11 CST 2016]; root of context hierarchy
[INFO] [2016-09-08 10:42:11][org.springframework.beans.factory.xml.XmlBeanDefinitionReader]Loading XML bean definitions from class path resource [spring-mvc.xml]
[INFO] [2016-09-08 10:42:12][org.springframework.context.support.PropertySourcesPlaceholderConfigurer]Loading properties file from class path resource [jdbc.properties]
[INFO] [2016-09-08 10:43:28][org.springframework.context.support.FileSystemXmlApplicationContext]Refreshing org.springframework.context.support.FileSystemXmlApplicationContext@23223dd8: startup date [Thu Sep 08 10:43:28 CST 2016]; root of context hierarchy
[INFO] [2016-09-08 10:43:28][org.springframework.beans.factory.xml.XmlBeanDefinitionReader]Loading XML bean definitions from class path resource [spring-mvc.xml]
[INFO] [2016-09-08 10:43:28][org.springframework.context.support.PropertySourcesPlaceholderConfigurer]Loading properties file from class path resource [jdbc.properties]
[INFO] [2016-09-08 10:43:55][org.springframework.context.support.FileSystemXmlApplicationContext]Refreshing org.springframework.context.support.FileSystemXmlApplicationContext@23223dd8: startup date [Thu Sep 08 10:43:55 CST 2016]; root of context hierarchy
[INFO] [2016-09-08 10:43:55][org.springframework.beans.factory.xml.XmlBeanDefinitionReader]Loading XML bean definitions from class path resource [spring-mvc.xml]
[INFO] [2016-09-08 10:43:55][org.springframework.context.support.PropertySourcesPlaceholderConfigurer]Loading properties file from class path resource [jdbc.properties]
[INFO] [2016-09-08 10:46:58][org.springframework.context.support.FileSystemXmlApplicationContext]Refreshing org.springframework.context.support.FileSystemXmlApplicationContext@23223dd8: startup date [Thu Sep 08 10:46:58 CST 2016]; root of context hierarchy
[INFO] [2016-09-08 10:46:58][org.springframework.beans.factory.xml.XmlBeanDefinitionReader]Loading XML bean definitions from class path resource [spring-mvc.xml]
[INFO] [2016-09-08 10:46:59][org.springframework.context.support.PropertySourcesPlaceholderConfigurer]Loading properties file from class path resource [jdbc.properties]
[INFO] [2016-09-08 10:47:29][org.springframework.context.support.FileSystemXmlApplicationContext]Refreshing org.springframework.context.support.FileSystemXmlApplicationContext@23223dd8: startup date [Thu Sep 08 10:47:29 CST 2016]; root of context hierarchy
[INFO] [2016-09-08 10:47:29][org.springframework.beans.factory.xml.XmlBeanDefinitionReader]Loading XML bean definitions from class path resource [spring-mvc.xml]
[INFO] [2016-09-08 10:47:29][org.springframework.context.support.PropertySourcesPlaceholderConfigurer]Loading properties file from class path resource [jdbc.properties]
[INFO] [2016-09-08 11:05:20][org.springframework.context.support.FileSystemXmlApplicationContext]Refreshing org.springframework.context.support.FileSystemXmlApplicationContext@23223dd8: startup date [Thu Sep 08 11:05:20 CST 2016]; root of context hierarchy
[INFO] [2016-09-08 11:05:20][org.springframework.beans.factory.xml.XmlBeanDefinitionReader]Loading XML bean definitions from class path resource [spring-mvc.xml]
[INFO] [2016-09-08 11:05:25][org.springframework.context.support.PropertySourcesPlaceholderConfigurer]Loading properties file from class path resource [jdbc.properties]
[INFO] [2016-09-08 11:08:56][org.springframework.context.support.FileSystemXmlApplicationContext]Refreshing org.springframework.context.support.FileSystemXmlApplicationContext@23223dd8: startup date [Thu Sep 08 11:08:56 CST 2016]; root of context hierarchy
[INFO] [2016-09-08 11:08:56][org.springframework.beans.factory.xml.XmlBeanDefinitionReader]Loading XML bean definitions from class path resource [spring-mvc.xml]
[INFO] [2016-09-08 11:08:57][org.springframework.context.support.PropertySourcesPlaceholderConfigurer]Loading properties file from class path resource [jdbc.properties]
[INFO] [2016-09-08 11:17:05][org.springframework.context.support.FileSystemXmlApplicationContext]Refreshing org.springframework.context.support.FileSystemXmlApplicationContext@23223dd8: startup date [Thu Sep 08 11:17:05 CST 2016]; root of context hierarchy
[INFO] [2016-09-08 11:17:05][org.springframework.beans.factory.xml.XmlBeanDefinitionReader]Loading XML bean definitions from class path resource [spring-mvc.xml]
[INFO] [2016-09-08 11:17:06][org.springframework.context.support.PropertySourcesPlaceholderConfigurer]Loading properties file from class path resource [jdbc.properties]
[INFO] [2016-09-08 11:22:43][org.springframework.context.support.FileSystemXmlApplicationContext]Refreshing org.springframework.context.support.FileSystemXmlApplicationContext@23223dd8: startup date [Thu Sep 08 11:22:43 CST 2016]; root of context hierarchy
[INFO] [2016-09-08 11:22:43][org.springframework.beans.factory.xml.XmlBeanDefinitionReader]Loading XML bean definitions from class path resource [spring-mvc.xml]
[INFO] [2016-09-08 11:22:44][org.springframework.context.support.PropertySourcesPlaceholderConfigurer]Loading properties file from class path resource [jdbc.properties]
[INFO] [2016-09-08 11:24:03][org.springframework.context.support.FileSystemXmlApplicationContext]Refreshing org.springframework.context.support.FileSystemXmlApplicationContext@23223dd8: startup date [Thu Sep 08 11:24:03 CST 2016]; root of context hierarchy
[INFO] [2016-09-08 11:24:03][org.springframework.beans.factory.xml.XmlBeanDefinitionReader]Loading XML bean definitions from class path resource [spring-mvc.xml]
[INFO] [2016-09-08 11:24:06][org.springframework.context.support.PropertySourcesPlaceholderConfigurer]Loading properties file from class path resource [jdbc.properties]
[INFO] [2016-09-08 11:33:55][org.springframework.context.support.FileSystemXmlApplicationContext]Refreshing org.springframework.context.support.FileSystemXmlApplicationContext@4ec6a292: startup date [Thu Sep 08 11:33:55 CST 2016]; root of context hierarchy
[INFO] [2016-09-08 11:33:55][org.springframework.beans.factory.xml.XmlBeanDefinitionReader]Loading XML bean definitions from class path resource [spring-mvc.xml]
[INFO] [2016-09-08 11:33:57][org.springframework.context.support.PropertySourcesPlaceholderConfigurer]Loading properties file from class path resource [jdbc.properties]
[INFO] [2016-09-08 16:13:32][org.springframework.context.support.ClassPathXmlApplicationContext]Refreshing org.springframework.context.support.ClassPathXmlApplicationContext@4ec6a292: startup date [Thu Sep 08 16:13:32 CST 2016]; root of context hierarchy
[INFO] [2016-09-08 16:13:32][org.springframework.beans.factory.xml.XmlBeanDefinitionReader]Loading XML bean definitions from class path resource [spring-mvc.xml]
[WARN] [2016-09-08 16:13:53][org.springframework.beans.factory.xml.XmlBeanDefinitionReader]Ignored XML validation warning
org.xml.sax.SAXParseException; lineNumber: 21; columnNumber: 67; schema_reference.4: 无法读取方案文档 'http://www.springframework.org/schema/beans/spring-beans-4.1.xsd', 原因为 1) 无法找到文档; 2) 无法读取文档; 3) 文档的根元素不是 <xsd:schema>。
	at com.sun.org.apache.xerces.internal.util.ErrorHandlerWrapper.createSAXParseException(Unknown Source)
	at com.sun.org.apache.xerces.internal.util.ErrorHandlerWrapper.warning(Unknown Source)
	at com.sun.org.apache.xerces.internal.impl.XMLErrorReporter.reportError(Unknown Source)
	at com.sun.org.apache.xerces.internal.impl.XMLErrorReporter.reportError(Unknown Source)
	at com.sun.org.apache.xerces.internal.impl.xs.traversers.XSDHandler.reportSchemaErr(Unknown Source)
	at com.sun.org.apache.xerces.internal.impl.xs.traversers.XSDHandler.reportSchemaWarning(Unknown Source)
	at com.sun.org.apache.xerces.internal.impl.xs.traversers.XSDHandler.getSchemaDocument1(Unknown Source)
	at com.sun.org.apache.xerces.internal.impl.xs.traversers.XSDHandler.getSchemaDocument(Unknown Source)
	at com.sun.org.apache.xerces.internal.impl.xs.traversers.XSDHandler.parseSchema(Unknown Source)
	at com.sun.org.apache.xerces.internal.impl.xs.XMLSchemaLoader.loadSchema(Unknown Source)
	at com.sun.org.apache.xerces.internal.impl.xs.XMLSchemaValidator.findSchemaGrammar(Unknown Source)
	at com.sun.org.apache.xerces.internal.impl.xs.XMLSchemaValidator.handleStartElement(Unknown Source)
	at com.sun.org.apache.xerces.internal.impl.xs.XMLSchemaValidator.startElement(Unknown Source)
	at com.sun.org.apache.xerces.internal.impl.XMLNSDocumentScannerImpl.scanStartElement(Unknown Source)
	at com.sun.org.apache.xerces.internal.impl.XMLNSDocumentScannerImpl$NSContentDriver.scanRootElementHook(Unknown Source)
	at com.sun.org.apache.xerces.internal.impl.XMLDocumentFragmentScannerImpl$FragmentContentDriver.next(Unknown Source)
	at com.sun.org.apache.xerces.internal.impl.XMLDocumentScannerImpl$PrologDriver.next(Unknown Source)
	at com.sun.org.apache.xerces.internal.impl.XMLDocumentScannerImpl.next(Unknown Source)
	at com.sun.org.apache.xerces.internal.impl.XMLNSDocumentScannerImpl.next(Unknown Source)
	at com.sun.org.apache.xerces.internal.impl.XMLDocumentFragmentScannerImpl.scanDocument(Unknown Source)
	at com.sun.org.apache.xerces.internal.parsers.XML11Configuration.parse(Unknown Source)
	at com.sun.org.apache.xerces.internal.parsers.XML11Configuration.parse(Unknown Source)
	at com.sun.org.apache.xerces.internal.parsers.XMLParser.parse(Unknown Source)
	at com.sun.org.apache.xerces.internal.parsers.DOMParser.parse(Unknown Source)
	at com.sun.org.apache.xerces.internal.jaxp.DocumentBuilderImpl.parse(Unknown Source)
	at org.springframework.beans.factory.xml.DefaultDocumentLoader.loadDocument(DefaultDocumentLoader.java:76)
	at org.springframework.beans.factory.xml.XmlBeanDefinitionReader.doLoadDocument(XmlBeanDefinitionReader.java:428)
	at org.springframework.beans.factory.xml.XmlBeanDefinitionReader.doLoadBeanDefinitions(XmlBeanDefinitionReader.java:390)
	at org.springframework.beans.factory.xml.XmlBeanDefinitionReader.loadBeanDefinitions(XmlBeanDefinitionReader.java:335)
	at org.springframework.beans.factory.xml.XmlBeanDefinitionReader.loadBeanDefinitions(XmlBeanDefinitionReader.java:303)
	at org.springframework.beans.factory.support.AbstractBeanDefinitionReader.loadBeanDefinitions(AbstractBeanDefinitionReader.java:180)
	at org.springframework.beans.factory.support.AbstractBeanDefinitionReader.loadBeanDefinitions(AbstractBeanDefinitionReader.java:216)
	at org.springframework.beans.factory.support.AbstractBeanDefinitionReader.loadBeanDefinitions(AbstractBeanDefinitionReader.java:187)
	at org.springframework.beans.factory.support.AbstractBeanDefinitionReader.loadBeanDefinitions(AbstractBeanDefinitionReader.java:251)
	at org.springframework.context.support.AbstractXmlApplicationContext.loadBeanDefinitions(AbstractXmlApplicationContext.java:127)
	at org.springframework.context.support.AbstractXmlApplicationContext.loadBeanDefinitions(AbstractXmlApplicationContext.java:93)
	at org.springframework.context.support.AbstractRefreshableApplicationContext.refreshBeanFactory(AbstractRefreshableApplicationContext.java:129)
	at org.springframework.context.support.AbstractApplicationContext.obtainFreshBeanFactory(AbstractApplicationContext.java:540)
	at org.springframework.context.support.AbstractApplicationContext.refresh(AbstractApplicationContext.java:454)
	at org.springframework.context.support.ClassPathXmlApplicationContext.<init>(ClassPathXmlApplicationContext.java:139)
	at org.springframework.context.support.ClassPathXmlApplicationContext.<init>(ClassPathXmlApplicationContext.java:83)
	at com.its.funny.datamining.test.TestUserInsert.test(TestUserInsert.java:23)
	at sun.reflect.NativeMethodAccessorImpl.invoke0(Native Method)
	at sun.reflect.NativeMethodAccessorImpl.invoke(Unknown Source)
	at sun.reflect.DelegatingMethodAccessorImpl.invoke(Unknown Source)
	at java.lang.reflect.Method.invoke(Unknown Source)
	at org.junit.runners.model.FrameworkMethod$1.runReflectiveCall(FrameworkMethod.java:50)
	at org.junit.internal.runners.model.ReflectiveCallable.run(ReflectiveCallable.java:12)
	at org.junit.runners.model.FrameworkMethod.invokeExplosively(FrameworkMethod.java:47)
	at org.junit.internal.runners.statements.InvokeMethod.evaluate(InvokeMethod.java:17)
	at org.junit.runners.ParentRunner.runLeaf(ParentRunner.java:325)
	at org.junit.runners.BlockJUnit4ClassRunner.runChild(BlockJUnit4ClassRunner.java:78)
	at org.junit.runners.BlockJUnit4ClassRunner.runChild(BlockJUnit4ClassRunner.java:57)
	at org.junit.runners.ParentRunner$3.run(ParentRunner.java:290)
	at org.junit.runners.ParentRunner$1.schedule(ParentRunner.java:71)
	at org.junit.runners.ParentRunner.runChildren(ParentRunner.java:288)
	at org.junit.runners.ParentRunner.access$000(ParentRunner.java:58)
	at org.junit.runners.ParentRunner$2.evaluate(ParentRunner.java:268)
	at org.junit.runners.ParentRunner.run(ParentRunner.java:363)
	at org.eclipse.jdt.internal.junit4.runner.JUnit4TestReference.run(JUnit4TestReference.java:86)
	at org.eclipse.jdt.internal.junit.runner.TestExecution.run(TestExecution.java:38)
	at org.eclipse.jdt.internal.junit.runner.RemoteTestRunner.runTests(RemoteTestRunner.java:459)
	at org.eclipse.jdt.internal.junit.runner.RemoteTestRunner.runTests(RemoteTestRunner.java:678)
	at org.eclipse.jdt.internal.junit.runner.RemoteTestRunner.run(RemoteTestRunner.java:382)
	at org.eclipse.jdt.internal.junit.runner.RemoteTestRunner.main(RemoteTestRunner.java:192)
Caused by: java.net.ConnectException: Connection timed out: connect
	at java.net.DualStackPlainSocketImpl.connect0(Native Method)
	at java.net.DualStackPlainSocketImpl.socketConnect(Unknown Source)
	at java.net.AbstractPlainSocketImpl.doConnect(Unknown Source)
	at java.net.AbstractPlainSocketImpl.connectToAddress(Unknown Source)
	at java.net.AbstractPlainSocketImpl.connect(Unknown Source)
	at java.net.PlainSocketImpl.connect(Unknown Source)
	at java.net.SocksSocketImpl.connect(Unknown Source)
	at java.net.Socket.connect(Unknown Source)
	at java.net.Socket.connect(Unknown Source)
	at sun.net.NetworkClient.doConnect(Unknown Source)
	at sun.net.www.http.HttpClient.openServer(Unknown Source)
	at sun.net.www.http.HttpClient.openServer(Unknown Source)
	at sun.net.www.http.HttpClient.<init>(Unknown Source)
	at sun.net.www.http.HttpClient.New(Unknown Source)
	at sun.net.www.http.HttpClient.New(Unknown Source)
	at sun.net.www.protocol.http.HttpURLConnection.getNewHttpClient(Unknown Source)
	at sun.net.www.protocol.http.HttpURLConnection.plainConnect0(Unknown Source)
	at sun.net.www.protocol.http.HttpURLConnection.plainConnect(Unknown Source)
	at sun.net.www.protocol.http.HttpURLConnection.connect(Unknown Source)
	at sun.net.www.protocol.http.HttpURLConnection.getInputStream0(Unknown Source)
	at sun.net.www.protocol.http.HttpURLConnection.getInputStream(Unknown Source)
	at com.sun.org.apache.xerces.internal.impl.XMLEntityManager.setupCurrentEntity(Unknown Source)
	at com.sun.org.apache.xerces.internal.impl.XMLVersionDetector.determineDocVersion(Unknown Source)
	at com.sun.org.apache.xerces.internal.impl.xs.opti.SchemaParsingConfig.parse(Unknown Source)
	at com.sun.org.apache.xerces.internal.impl.xs.opti.SchemaParsingConfig.parse(Unknown Source)
	at com.sun.org.apache.xerces.internal.impl.xs.opti.SchemaDOMParser.parse(Unknown Source)
	... 58 more
[INFO] [2016-09-08 16:15:47][org.springframework.context.support.ClassPathXmlApplicationContext]Refreshing org.springframework.context.support.ClassPathXmlApplicationContext@4ec6a292: startup date [Thu Sep 08 16:15:47 CST 2016]; root of context hierarchy
[INFO] [2016-09-08 16:15:47][org.springframework.beans.factory.xml.XmlBeanDefinitionReader]Loading XML bean definitions from class path resource [spring-mvc.xml]
[INFO] [2016-09-08 16:15:53][org.springframework.context.support.PropertySourcesPlaceholderConfigurer]Loading properties file from class path resource [jdbc.properties]
[INFO] [2016-09-08 16:20:20][org.springframework.context.support.ClassPathXmlApplicationContext]Refreshing org.springframework.context.support.ClassPathXmlApplicationContext@ea4a92b: startup date [Thu Sep 08 16:20:20 CST 2016]; root of context hierarchy
[INFO] [2016-09-08 16:20:20][org.springframework.beans.factory.xml.XmlBeanDefinitionReader]Loading XML bean definitions from class path resource [spring-mvc.xml]
[INFO] [2016-09-08 16:20:22][org.springframework.context.support.PropertySourcesPlaceholderConfigurer]Loading properties file from class path resource [jdbc.properties]
[INFO] [2016-09-08 16:24:47][org.springframework.context.support.ClassPathXmlApplicationContext]Refreshing org.springframework.context.support.ClassPathXmlApplicationContext@ea4a92b: startup date [Thu Sep 08 16:24:47 CST 2016]; root of context hierarchy
[INFO] [2016-09-08 16:24:47][org.springframework.beans.factory.xml.XmlBeanDefinitionReader]Loading XML bean definitions from class path resource [spring-mvc.xml]
[WARN] [2016-09-08 16:25:08][org.springframework.beans.factory.xml.XmlBeanDefinitionReader]Ignored XML validation warning
org.xml.sax.SAXParseException; lineNumber: 15; columnNumber: 68; schema_reference.4: 无法读取方案文档 'http://www.springframework.org/schema/beans/spring-beans-4.1.xsd', 原因为 1) 无法找到文档; 2) 无法读取文档; 3) 文档的根元素不是 <xsd:schema>。
	at com.sun.org.apache.xerces.internal.util.ErrorHandlerWrapper.createSAXParseException(Unknown Source)
	at com.sun.org.apache.xerces.internal.util.ErrorHandlerWrapper.warning(Unknown Source)
	at com.sun.org.apache.xerces.internal.impl.XMLErrorReporter.reportError(Unknown Source)
	at com.sun.org.apache.xerces.internal.impl.XMLErrorReporter.reportError(Unknown Source)
	at com.sun.org.apache.xerces.internal.impl.xs.traversers.XSDHandler.reportSchemaErr(Unknown Source)
	at com.sun.org.apache.xerces.internal.impl.xs.traversers.XSDHandler.reportSchemaWarning(Unknown Source)
	at com.sun.org.apache.xerces.internal.impl.xs.traversers.XSDHandler.getSchemaDocument1(Unknown Source)
	at com.sun.org.apache.xerces.internal.impl.xs.traversers.XSDHandler.getSchemaDocument(Unknown Source)
	at com.sun.org.apache.xerces.internal.impl.xs.traversers.XSDHandler.parseSchema(Unknown Source)
	at com.sun.org.apache.xerces.internal.impl.xs.XMLSchemaLoader.loadSchema(Unknown Source)
	at com.sun.org.apache.xerces.internal.impl.xs.XMLSchemaValidator.findSchemaGrammar(Unknown Source)
	at com.sun.org.apache.xerces.internal.impl.xs.XMLSchemaValidator.handleStartElement(Unknown Source)
	at com.sun.org.apache.xerces.internal.impl.xs.XMLSchemaValidator.startElement(Unknown Source)
	at com.sun.org.apache.xerces.internal.impl.XMLNSDocumentScannerImpl.scanStartElement(Unknown Source)
	at com.sun.org.apache.xerces.internal.impl.XMLNSDocumentScannerImpl$NSContentDriver.scanRootElementHook(Unknown Source)
	at com.sun.org.apache.xerces.internal.impl.XMLDocumentFragmentScannerImpl$FragmentContentDriver.next(Unknown Source)
	at com.sun.org.apache.xerces.internal.impl.XMLDocumentScannerImpl$PrologDriver.next(Unknown Source)
	at com.sun.org.apache.xerces.internal.impl.XMLDocumentScannerImpl.next(Unknown Source)
	at com.sun.org.apache.xerces.internal.impl.XMLNSDocumentScannerImpl.next(Unknown Source)
	at com.sun.org.apache.xerces.internal.impl.XMLDocumentFragmentScannerImpl.scanDocument(Unknown Source)
	at com.sun.org.apache.xerces.internal.parsers.XML11Configuration.parse(Unknown Source)
	at com.sun.org.apache.xerces.internal.parsers.XML11Configuration.parse(Unknown Source)
	at com.sun.org.apache.xerces.internal.parsers.XMLParser.parse(Unknown Source)
	at com.sun.org.apache.xerces.internal.parsers.DOMParser.parse(Unknown Source)
	at com.sun.org.apache.xerces.internal.jaxp.DocumentBuilderImpl.parse(Unknown Source)
	at org.springframework.beans.factory.xml.DefaultDocumentLoader.loadDocument(DefaultDocumentLoader.java:76)
	at org.springframework.beans.factory.xml.XmlBeanDefinitionReader.doLoadDocument(XmlBeanDefinitionReader.java:428)
	at org.springframework.beans.factory.xml.XmlBeanDefinitionReader.doLoadBeanDefinitions(XmlBeanDefinitionReader.java:390)
	at org.springframework.beans.factory.xml.XmlBeanDefinitionReader.loadBeanDefinitions(XmlBeanDefinitionReader.java:335)
	at org.springframework.beans.factory.xml.XmlBeanDefinitionReader.loadBeanDefinitions(XmlBeanDefinitionReader.java:303)
	at org.springframework.beans.factory.support.AbstractBeanDefinitionReader.loadBeanDefinitions(AbstractBeanDefinitionReader.java:180)
	at org.springframework.beans.factory.support.AbstractBeanDefinitionReader.loadBeanDefinitions(AbstractBeanDefinitionReader.java:216)
	at org.springframework.beans.factory.support.AbstractBeanDefinitionReader.loadBeanDefinitions(AbstractBeanDefinitionReader.java:187)
	at org.springframework.beans.factory.support.AbstractBeanDefinitionReader.loadBeanDefinitions(AbstractBeanDefinitionReader.java:251)
	at org.springframework.context.support.AbstractXmlApplicationContext.loadBeanDefinitions(AbstractXmlApplicationContext.java:127)
	at org.springframework.context.support.AbstractXmlApplicationContext.loadBeanDefinitions(AbstractXmlApplicationContext.java:93)
	at org.springframework.context.support.AbstractRefreshableApplicationContext.refreshBeanFactory(AbstractRefreshableApplicationContext.java:129)
	at org.springframework.context.support.AbstractApplicationContext.obtainFreshBeanFactory(AbstractApplicationContext.java:540)
	at org.springframework.context.support.AbstractApplicationContext.refresh(AbstractApplicationContext.java:454)
	at org.springframework.context.support.ClassPathXmlApplicationContext.<init>(ClassPathXmlApplicationContext.java:139)
	at org.springframework.context.support.ClassPathXmlApplicationContext.<init>(ClassPathXmlApplicationContext.java:83)
	at com.its.funny.datamining.test.TestUserInsert.test(TestUserInsert.java:23)
	at sun.reflect.NativeMethodAccessorImpl.invoke0(Native Method)
	at sun.reflect.NativeMethodAccessorImpl.invoke(Unknown Source)
	at sun.reflect.DelegatingMethodAccessorImpl.invoke(Unknown Source)
	at java.lang.reflect.Method.invoke(Unknown Source)
	at org.junit.runners.model.FrameworkMethod$1.runReflectiveCall(FrameworkMethod.java:50)
	at org.junit.internal.runners.model.ReflectiveCallable.run(ReflectiveCallable.java:12)
	at org.junit.runners.model.FrameworkMethod.invokeExplosively(FrameworkMethod.java:47)
	at org.junit.internal.runners.statements.InvokeMethod.evaluate(InvokeMethod.java:17)
	at org.junit.runners.ParentRunner.runLeaf(ParentRunner.java:325)
	at org.junit.runners.BlockJUnit4ClassRunner.runChild(BlockJUnit4ClassRunner.java:78)
	at org.junit.runners.BlockJUnit4ClassRunner.runChild(BlockJUnit4ClassRunner.java:57)
	at org.junit.runners.ParentRunner$3.run(ParentRunner.java:290)
	at org.junit.runners.ParentRunner$1.schedule(ParentRunner.java:71)
	at org.junit.runners.ParentRunner.runChildren(ParentRunner.java:288)
	at org.junit.runners.ParentRunner.access$000(ParentRunner.java:58)
	at org.junit.runners.ParentRunner$2.evaluate(ParentRunner.java:268)
	at org.junit.runners.ParentRunner.run(ParentRunner.java:363)
	at org.eclipse.jdt.internal.junit4.runner.JUnit4TestReference.run(JUnit4TestReference.java:86)
	at org.eclipse.jdt.internal.junit.runner.TestExecution.run(TestExecution.java:38)
	at org.eclipse.jdt.internal.junit.runner.RemoteTestRunner.runTests(RemoteTestRunner.java:459)
	at org.eclipse.jdt.internal.junit.runner.RemoteTestRunner.runTests(RemoteTestRunner.java:678)
	at org.eclipse.jdt.internal.junit.runner.RemoteTestRunner.run(RemoteTestRunner.java:382)
	at org.eclipse.jdt.internal.junit.runner.RemoteTestRunner.main(RemoteTestRunner.java:192)
Caused by: java.net.ConnectException: Connection timed out: connect
	at java.net.DualStackPlainSocketImpl.connect0(Native Method)
	at java.net.DualStackPlainSocketImpl.socketConnect(Unknown Source)
	at java.net.AbstractPlainSocketImpl.doConnect(Unknown Source)
	at java.net.AbstractPlainSocketImpl.connectToAddress(Unknown Source)
	at java.net.AbstractPlainSocketImpl.connect(Unknown Source)
	at java.net.PlainSocketImpl.connect(Unknown Source)
	at java.net.SocksSocketImpl.connect(Unknown Source)
	at java.net.Socket.connect(Unknown Source)
	at java.net.Socket.connect(Unknown Source)
	at sun.net.NetworkClient.doConnect(Unknown Source)
	at sun.net.www.http.HttpClient.openServer(Unknown Source)
	at sun.net.www.http.HttpClient.openServer(Unknown Source)
	at sun.net.www.http.HttpClient.<init>(Unknown Source)
	at sun.net.www.http.HttpClient.New(Unknown Source)
	at sun.net.www.http.HttpClient.New(Unknown Source)
	at sun.net.www.protocol.http.HttpURLConnection.getNewHttpClient(Unknown Source)
	at sun.net.www.protocol.http.HttpURLConnection.plainConnect0(Unknown Source)
	at sun.net.www.protocol.http.HttpURLConnection.plainConnect(Unknown Source)
	at sun.net.www.protocol.http.HttpURLConnection.connect(Unknown Source)
	at sun.net.www.protocol.http.HttpURLConnection.getInputStream0(Unknown Source)
	at sun.net.www.protocol.http.HttpURLConnection.getInputStream(Unknown Source)
	at com.sun.org.apache.xerces.internal.impl.XMLEntityManager.setupCurrentEntity(Unknown Source)
	at com.sun.org.apache.xerces.internal.impl.XMLVersionDetector.determineDocVersion(Unknown Source)
	at com.sun.org.apache.xerces.internal.impl.xs.opti.SchemaParsingConfig.parse(Unknown Source)
	at com.sun.org.apache.xerces.internal.impl.xs.opti.SchemaParsingConfig.parse(Unknown Source)
	at com.sun.org.apache.xerces.internal.impl.xs.opti.SchemaDOMParser.parse(Unknown Source)
	... 58 more
[INFO] [2016-09-08 16:27:37][org.springframework.context.support.ClassPathXmlApplicationContext]Refreshing org.springframework.context.support.ClassPathXmlApplicationContext@ea4a92b: startup date [Thu Sep 08 16:27:37 CST 2016]; root of context hierarchy
[INFO] [2016-09-08 16:27:37][org.springframework.beans.factory.xml.XmlBeanDefinitionReader]Loading XML bean definitions from class path resource [spring-mvc.xml]
[WARN] [2016-09-08 16:27:58][org.springframework.beans.factory.xml.XmlBeanDefinitionReader]Ignored XML validation warning
org.xml.sax.SAXParseException; lineNumber: 14; columnNumber: 70; schema_reference.4: 无法读取方案文档 'http://www.springframework.org/schema/beans/spring-beans-4.0.1.xsd', 原因为 1) 无法找到文档; 2) 无法读取文档; 3) 文档的根元素不是 <xsd:schema>。
	at com.sun.org.apache.xerces.internal.util.ErrorHandlerWrapper.createSAXParseException(Unknown Source)
	at com.sun.org.apache.xerces.internal.util.ErrorHandlerWrapper.warning(Unknown Source)
	at com.sun.org.apache.xerces.internal.impl.XMLErrorReporter.reportError(Unknown Source)
	at com.sun.org.apache.xerces.internal.impl.XMLErrorReporter.reportError(Unknown Source)
	at com.sun.org.apache.xerces.internal.impl.xs.traversers.XSDHandler.reportSchemaErr(Unknown Source)
	at com.sun.org.apache.xerces.internal.impl.xs.traversers.XSDHandler.reportSchemaWarning(Unknown Source)
	at com.sun.org.apache.xerces.internal.impl.xs.traversers.XSDHandler.getSchemaDocument1(Unknown Source)
	at com.sun.org.apache.xerces.internal.impl.xs.traversers.XSDHandler.getSchemaDocument(Unknown Source)
	at com.sun.org.apache.xerces.internal.impl.xs.traversers.XSDHandler.parseSchema(Unknown Source)
	at com.sun.org.apache.xerces.internal.impl.xs.XMLSchemaLoader.loadSchema(Unknown Source)
	at com.sun.org.apache.xerces.internal.impl.xs.XMLSchemaValidator.findSchemaGrammar(Unknown Source)
	at com.sun.org.apache.xerces.internal.impl.xs.XMLSchemaValidator.handleStartElement(Unknown Source)
	at com.sun.org.apache.xerces.internal.impl.xs.XMLSchemaValidator.startElement(Unknown Source)
	at com.sun.org.apache.xerces.internal.impl.XMLNSDocumentScannerImpl.scanStartElement(Unknown Source)
	at com.sun.org.apache.xerces.internal.impl.XMLNSDocumentScannerImpl$NSContentDriver.scanRootElementHook(Unknown Source)
	at com.sun.org.apache.xerces.internal.impl.XMLDocumentFragmentScannerImpl$FragmentContentDriver.next(Unknown Source)
	at com.sun.org.apache.xerces.internal.impl.XMLDocumentScannerImpl$PrologDriver.next(Unknown Source)
	at com.sun.org.apache.xerces.internal.impl.XMLDocumentScannerImpl.next(Unknown Source)
	at com.sun.org.apache.xerces.internal.impl.XMLNSDocumentScannerImpl.next(Unknown Source)
	at com.sun.org.apache.xerces.internal.impl.XMLDocumentFragmentScannerImpl.scanDocument(Unknown Source)
	at com.sun.org.apache.xerces.internal.parsers.XML11Configuration.parse(Unknown Source)
	at com.sun.org.apache.xerces.internal.parsers.XML11Configuration.parse(Unknown Source)
	at com.sun.org.apache.xerces.internal.parsers.XMLParser.parse(Unknown Source)
	at com.sun.org.apache.xerces.internal.parsers.DOMParser.parse(Unknown Source)
	at com.sun.org.apache.xerces.internal.jaxp.DocumentBuilderImpl.parse(Unknown Source)
	at org.springframework.beans.factory.xml.DefaultDocumentLoader.loadDocument(DefaultDocumentLoader.java:76)
	at org.springframework.beans.factory.xml.XmlBeanDefinitionReader.doLoadDocument(XmlBeanDefinitionReader.java:428)
	at org.springframework.beans.factory.xml.XmlBeanDefinitionReader.doLoadBeanDefinitions(XmlBeanDefinitionReader.java:390)
	at org.springframework.beans.factory.xml.XmlBeanDefinitionReader.loadBeanDefinitions(XmlBeanDefinitionReader.java:335)
	at org.springframework.beans.factory.xml.XmlBeanDefinitionReader.loadBeanDefinitions(XmlBeanDefinitionReader.java:303)
	at org.springframework.beans.factory.support.AbstractBeanDefinitionReader.loadBeanDefinitions(AbstractBeanDefinitionReader.java:180)
	at org.springframework.beans.factory.support.AbstractBeanDefinitionReader.loadBeanDefinitions(AbstractBeanDefinitionReader.java:216)
	at org.springframework.beans.factory.support.AbstractBeanDefinitionReader.loadBeanDefinitions(AbstractBeanDefinitionReader.java:187)
	at org.springframework.beans.factory.support.AbstractBeanDefinitionReader.loadBeanDefinitions(AbstractBeanDefinitionReader.java:251)
	at org.springframework.context.support.AbstractXmlApplicationContext.loadBeanDefinitions(AbstractXmlApplicationContext.java:127)
	at org.springframework.context.support.AbstractXmlApplicationContext.loadBeanDefinitions(AbstractXmlApplicationContext.java:93)
	at org.springframework.context.support.AbstractRefreshableApplicationContext.refreshBeanFactory(AbstractRefreshableApplicationContext.java:129)
	at org.springframework.context.support.AbstractApplicationContext.obtainFreshBeanFactory(AbstractApplicationContext.java:540)
	at org.springframework.context.support.AbstractApplicationContext.refresh(AbstractApplicationContext.java:454)
	at org.springframework.context.support.ClassPathXmlApplicationContext.<init>(ClassPathXmlApplicationContext.java:139)
	at org.springframework.context.support.ClassPathXmlApplicationContext.<init>(ClassPathXmlApplicationContext.java:83)
	at com.its.funny.datamining.test.TestUserInsert.test(TestUserInsert.java:23)
	at sun.reflect.NativeMethodAccessorImpl.invoke0(Native Method)
	at sun.reflect.NativeMethodAccessorImpl.invoke(Unknown Source)
	at sun.reflect.DelegatingMethodAccessorImpl.invoke(Unknown Source)
	at java.lang.reflect.Method.invoke(Unknown Source)
	at org.junit.runners.model.FrameworkMethod$1.runReflectiveCall(FrameworkMethod.java:50)
	at org.junit.internal.runners.model.ReflectiveCallable.run(ReflectiveCallable.java:12)
	at org.junit.runners.model.FrameworkMethod.invokeExplosively(FrameworkMethod.java:47)
	at org.junit.internal.runners.statements.InvokeMethod.evaluate(InvokeMethod.java:17)
	at org.junit.runners.ParentRunner.runLeaf(ParentRunner.java:325)
	at org.junit.runners.BlockJUnit4ClassRunner.runChild(BlockJUnit4ClassRunner.java:78)
	at org.junit.runners.BlockJUnit4ClassRunner.runChild(BlockJUnit4ClassRunner.java:57)
	at org.junit.runners.ParentRunner$3.run(ParentRunner.java:290)
	at org.junit.runners.ParentRunner$1.schedule(ParentRunner.java:71)
	at org.junit.runners.ParentRunner.runChildren(ParentRunner.java:288)
	at org.junit.runners.ParentRunner.access$000(ParentRunner.java:58)
	at org.junit.runners.ParentRunner$2.evaluate(ParentRunner.java:268)
	at org.junit.runners.ParentRunner.run(ParentRunner.java:363)
	at org.eclipse.jdt.internal.junit4.runner.JUnit4TestReference.run(JUnit4TestReference.java:86)
	at org.eclipse.jdt.internal.junit.runner.TestExecution.run(TestExecution.java:38)
	at org.eclipse.jdt.internal.junit.runner.RemoteTestRunner.runTests(RemoteTestRunner.java:459)
	at org.eclipse.jdt.internal.junit.runner.RemoteTestRunner.runTests(RemoteTestRunner.java:678)
	at org.eclipse.jdt.internal.junit.runner.RemoteTestRunner.run(RemoteTestRunner.java:382)
	at org.eclipse.jdt.internal.junit.runner.RemoteTestRunner.main(RemoteTestRunner.java:192)
Caused by: java.net.ConnectException: Connection timed out: connect
	at java.net.DualStackPlainSocketImpl.connect0(Native Method)
	at java.net.DualStackPlainSocketImpl.socketConnect(Unknown Source)
	at java.net.AbstractPlainSocketImpl.doConnect(Unknown Source)
	at java.net.AbstractPlainSocketImpl.connectToAddress(Unknown Source)
	at java.net.AbstractPlainSocketImpl.connect(Unknown Source)
	at java.net.PlainSocketImpl.connect(Unknown Source)
	at java.net.SocksSocketImpl.connect(Unknown Source)
	at java.net.Socket.connect(Unknown Source)
	at java.net.Socket.connect(Unknown Source)
	at sun.net.NetworkClient.doConnect(Unknown Source)
	at sun.net.www.http.HttpClient.openServer(Unknown Source)
	at sun.net.www.http.HttpClient.openServer(Unknown Source)
	at sun.net.www.http.HttpClient.<init>(Unknown Source)
	at sun.net.www.http.HttpClient.New(Unknown Source)
	at sun.net.www.http.HttpClient.New(Unknown Source)
	at sun.net.www.protocol.http.HttpURLConnection.getNewHttpClient(Unknown Source)
	at sun.net.www.protocol.http.HttpURLConnection.plainConnect0(Unknown Source)
	at sun.net.www.protocol.http.HttpURLConnection.plainConnect(Unknown Source)
	at sun.net.www.protocol.http.HttpURLConnection.connect(Unknown Source)
	at sun.net.www.protocol.http.HttpURLConnection.getInputStream0(Unknown Source)
	at sun.net.www.protocol.http.HttpURLConnection.getInputStream(Unknown Source)
	at com.sun.org.apache.xerces.internal.impl.XMLEntityManager.setupCurrentEntity(Unknown Source)
	at com.sun.org.apache.xerces.internal.impl.XMLVersionDetector.determineDocVersion(Unknown Source)
	at com.sun.org.apache.xerces.internal.impl.xs.opti.SchemaParsingConfig.parse(Unknown Source)
	at com.sun.org.apache.xerces.internal.impl.xs.opti.SchemaParsingConfig.parse(Unknown Source)
	at com.sun.org.apache.xerces.internal.impl.xs.opti.SchemaDOMParser.parse(Unknown Source)
	... 58 more
[INFO] [2016-09-08 16:30:46][org.springframework.context.support.ClassPathXmlApplicationContext]Refreshing org.springframework.context.support.ClassPathXmlApplicationContext@ea4a92b: startup date [Thu Sep 08 16:30:46 CST 2016]; root of context hierarchy
[INFO] [2016-09-08 16:30:46][org.springframework.beans.factory.xml.XmlBeanDefinitionReader]Loading XML bean definitions from class path resource [spring-mvc.xml]
[WARN] [2016-09-08 16:30:55][org.springframework.beans.factory.xml.XmlBeanDefinitionReader]Ignored XML validation warning
org.xml.sax.SAXParseException; lineNumber: 14; columnNumber: 71; schema_reference.4: 无法读取方案文档 'http://www.springframework.org/schema/beans/spring-beans-4.0.1.xsd', 原因为 1) 无法找到文档; 2) 无法读取文档; 3) 文档的根元素不是 <xsd:schema>。
	at com.sun.org.apache.xerces.internal.util.ErrorHandlerWrapper.createSAXParseException(Unknown Source)
	at com.sun.org.apache.xerces.internal.util.ErrorHandlerWrapper.warning(Unknown Source)
	at com.sun.org.apache.xerces.internal.impl.XMLErrorReporter.reportError(Unknown Source)
	at com.sun.org.apache.xerces.internal.impl.XMLErrorReporter.reportError(Unknown Source)
	at com.sun.org.apache.xerces.internal.impl.xs.traversers.XSDHandler.reportSchemaErr(Unknown Source)
	at com.sun.org.apache.xerces.internal.impl.xs.traversers.XSDHandler.reportSchemaWarning(Unknown Source)
	at com.sun.org.apache.xerces.internal.impl.xs.traversers.XSDHandler.getSchemaDocument1(Unknown Source)
	at com.sun.org.apache.xerces.internal.impl.xs.traversers.XSDHandler.getSchemaDocument(Unknown Source)
	at com.sun.org.apache.xerces.internal.impl.xs.traversers.XSDHandler.parseSchema(Unknown Source)
	at com.sun.org.apache.xerces.internal.impl.xs.XMLSchemaLoader.loadSchema(Unknown Source)
	at com.sun.org.apache.xerces.internal.impl.xs.XMLSchemaValidator.findSchemaGrammar(Unknown Source)
	at com.sun.org.apache.xerces.internal.impl.xs.XMLSchemaValidator.handleStartElement(Unknown Source)
	at com.sun.org.apache.xerces.internal.impl.xs.XMLSchemaValidator.startElement(Unknown Source)
	at com.sun.org.apache.xerces.internal.impl.XMLNSDocumentScannerImpl.scanStartElement(Unknown Source)
	at com.sun.org.apache.xerces.internal.impl.XMLNSDocumentScannerImpl$NSContentDriver.scanRootElementHook(Unknown Source)
	at com.sun.org.apache.xerces.internal.impl.XMLDocumentFragmentScannerImpl$FragmentContentDriver.next(Unknown Source)
	at com.sun.org.apache.xerces.internal.impl.XMLDocumentScannerImpl$PrologDriver.next(Unknown Source)
	at com.sun.org.apache.xerces.internal.impl.XMLDocumentScannerImpl.next(Unknown Source)
	at com.sun.org.apache.xerces.internal.impl.XMLNSDocumentScannerImpl.next(Unknown Source)
	at com.sun.org.apache.xerces.internal.impl.XMLDocumentFragmentScannerImpl.scanDocument(Unknown Source)
	at com.sun.org.apache.xerces.internal.parsers.XML11Configuration.parse(Unknown Source)
	at com.sun.org.apache.xerces.internal.parsers.XML11Configuration.parse(Unknown Source)
	at com.sun.org.apache.xerces.internal.parsers.XMLParser.parse(Unknown Source)
	at com.sun.org.apache.xerces.internal.parsers.DOMParser.parse(Unknown Source)
	at com.sun.org.apache.xerces.internal.jaxp.DocumentBuilderImpl.parse(Unknown Source)
	at org.springframework.beans.factory.xml.DefaultDocumentLoader.loadDocument(DefaultDocumentLoader.java:76)
	at org.springframework.beans.factory.xml.XmlBeanDefinitionReader.doLoadDocument(XmlBeanDefinitionReader.java:428)
	at org.springframework.beans.factory.xml.XmlBeanDefinitionReader.doLoadBeanDefinitions(XmlBeanDefinitionReader.java:390)
	at org.springframework.beans.factory.xml.XmlBeanDefinitionReader.loadBeanDefinitions(XmlBeanDefinitionReader.java:335)
	at org.springframework.beans.factory.xml.XmlBeanDefinitionReader.loadBeanDefinitions(XmlBeanDefinitionReader.java:303)
	at org.springframework.beans.factory.support.AbstractBeanDefinitionReader.loadBeanDefinitions(AbstractBeanDefinitionReader.java:180)
	at org.springframework.beans.factory.support.AbstractBeanDefinitionReader.loadBeanDefinitions(AbstractBeanDefinitionReader.java:216)
	at org.springframework.beans.factory.support.AbstractBeanDefinitionReader.loadBeanDefinitions(AbstractBeanDefinitionReader.java:187)
	at org.springframework.beans.factory.support.AbstractBeanDefinitionReader.loadBeanDefinitions(AbstractBeanDefinitionReader.java:251)
	at org.springframework.context.support.AbstractXmlApplicationContext.loadBeanDefinitions(AbstractXmlApplicationContext.java:127)
	at org.springframework.context.support.AbstractXmlApplicationContext.loadBeanDefinitions(AbstractXmlApplicationContext.java:93)
	at org.springframework.context.support.AbstractRefreshableApplicationContext.refreshBeanFactory(AbstractRefreshableApplicationContext.java:129)
	at org.springframework.context.support.AbstractApplicationContext.obtainFreshBeanFactory(AbstractApplicationContext.java:540)
	at org.springframework.context.support.AbstractApplicationContext.refresh(AbstractApplicationContext.java:454)
	at org.springframework.context.support.ClassPathXmlApplicationContext.<init>(ClassPathXmlApplicationContext.java:139)
	at org.springframework.context.support.ClassPathXmlApplicationContext.<init>(ClassPathXmlApplicationContext.java:83)
	at com.its.funny.datamining.test.TestUserInsert.test(TestUserInsert.java:23)
	at sun.reflect.NativeMethodAccessorImpl.invoke0(Native Method)
	at sun.reflect.NativeMethodAccessorImpl.invoke(Unknown Source)
	at sun.reflect.DelegatingMethodAccessorImpl.invoke(Unknown Source)
	at java.lang.reflect.Method.invoke(Unknown Source)
	at org.junit.runners.model.FrameworkMethod$1.runReflectiveCall(FrameworkMethod.java:50)
	at org.junit.internal.runners.model.ReflectiveCallable.run(ReflectiveCallable.java:12)
	at org.junit.runners.model.FrameworkMethod.invokeExplosively(FrameworkMethod.java:47)
	at org.junit.internal.runners.statements.InvokeMethod.evaluate(InvokeMethod.java:17)
	at org.junit.runners.ParentRunner.runLeaf(ParentRunner.java:325)
	at org.junit.runners.BlockJUnit4ClassRunner.runChild(BlockJUnit4ClassRunner.java:78)
	at org.junit.runners.BlockJUnit4ClassRunner.runChild(BlockJUnit4ClassRunner.java:57)
	at org.junit.runners.ParentRunner$3.run(ParentRunner.java:290)
	at org.junit.runners.ParentRunner$1.schedule(ParentRunner.java:71)
	at org.junit.runners.ParentRunner.runChildren(ParentRunner.java:288)
	at org.junit.runners.ParentRunner.access$000(ParentRunner.java:58)
	at org.junit.runners.ParentRunner$2.evaluate(ParentRunner.java:268)
	at org.junit.runners.ParentRunner.run(ParentRunner.java:363)
	at org.eclipse.jdt.internal.junit4.runner.JUnit4TestReference.run(JUnit4TestReference.java:86)
	at org.eclipse.jdt.internal.junit.runner.TestExecution.run(TestExecution.java:38)
	at org.eclipse.jdt.internal.junit.runner.RemoteTestRunner.runTests(RemoteTestRunner.java:459)
	at org.eclipse.jdt.internal.junit.runner.RemoteTestRunner.runTests(RemoteTestRunner.java:678)
	at org.eclipse.jdt.internal.junit.runner.RemoteTestRunner.run(RemoteTestRunner.java:382)
	at org.eclipse.jdt.internal.junit.runner.RemoteTestRunner.main(RemoteTestRunner.java:192)
Caused by: java.io.FileNotFoundException: http://www.springframework.org/schema/beans/spring-beans-4.0.1.xsd
	at sun.net.www.protocol.http.HttpURLConnection.getInputStream0(Unknown Source)
	at sun.net.www.protocol.http.HttpURLConnection.getInputStream(Unknown Source)
	at com.sun.org.apache.xerces.internal.impl.XMLEntityManager.setupCurrentEntity(Unknown Source)
	at com.sun.org.apache.xerces.internal.impl.XMLVersionDetector.determineDocVersion(Unknown Source)
	at com.sun.org.apache.xerces.internal.impl.xs.opti.SchemaParsingConfig.parse(Unknown Source)
	at com.sun.org.apache.xerces.internal.impl.xs.opti.SchemaParsingConfig.parse(Unknown Source)
	at com.sun.org.apache.xerces.internal.impl.xs.opti.SchemaDOMParser.parse(Unknown Source)
	... 58 more
[INFO] [2016-09-08 16:35:04][org.springframework.context.support.ClassPathXmlApplicationContext]Refreshing org.springframework.context.support.ClassPathXmlApplicationContext@ea4a92b: startup date [Thu Sep 08 16:35:04 CST 2016]; root of context hierarchy
[INFO] [2016-09-08 16:35:04][org.springframework.beans.factory.xml.XmlBeanDefinitionReader]Loading XML bean definitions from class path resource [spring-mvc.xml]
[INFO] [2016-09-08 16:35:05][org.springframework.context.support.PropertySourcesPlaceholderConfigurer]Loading properties file from class path resource [jdbc.properties]
[INFO] [2016-09-08 16:42:48][org.springframework.context.support.ClassPathXmlApplicationContext]Refreshing org.springframework.context.support.ClassPathXmlApplicationContext@ea4a92b: startup date [Thu Sep 08 16:42:48 CST 2016]; root of context hierarchy
[INFO] [2016-09-08 16:42:48][org.springframework.beans.factory.xml.XmlBeanDefinitionReader]Loading XML bean definitions from class path resource [spring-mvc.xml]
[INFO] [2016-09-08 16:42:48][org.springframework.context.support.PropertySourcesPlaceholderConfigurer]Loading properties file from class path resource [jdbc.properties]
[INFO] [2016-09-08 16:50:45][org.springframework.context.support.ClassPathXmlApplicationContext]Refreshing org.springframework.context.support.ClassPathXmlApplicationContext@67e2d983: startup date [Thu Sep 08 16:50:45 CST 2016]; root of context hierarchy
[INFO] [2016-09-08 16:50:45][org.springframework.beans.factory.xml.XmlBeanDefinitionReader]Loading XML bean definitions from class path resource [spring-mvc.xml]
[INFO] [2016-09-08 16:50:46][org.springframework.context.support.PropertySourcesPlaceholderConfigurer]Loading properties file from class path resource [jdbc.properties]
[INFO] [2016-09-08 16:54:58][org.springframework.context.support.ClassPathXmlApplicationContext]Refreshing org.springframework.context.support.ClassPathXmlApplicationContext@ea4a92b: startup date [Thu Sep 08 16:54:58 CST 2016]; root of context hierarchy
[INFO] [2016-09-08 16:54:58][org.springframework.beans.factory.xml.XmlBeanDefinitionReader]Loading XML bean definitions from class path resource [spring-mvc.xml]
[INFO] [2016-09-08 16:54:59][org.springframework.context.support.PropertySourcesPlaceholderConfigurer]Loading properties file from class path resource [jdbc.properties]
[INFO] [2016-09-08 16:58:08][org.springframework.context.support.ClassPathXmlApplicationContext]Refreshing org.springframework.context.support.ClassPathXmlApplicationContext@47f37ef1: startup date [Thu Sep 08 16:58:08 CST 2016]; root of context hierarchy
[INFO] [2016-09-08 16:58:08][org.springframework.beans.factory.xml.XmlBeanDefinitionReader]Loading XML bean definitions from class path resource [spring-mvc.xml]
[INFO] [2016-09-08 16:58:08][org.springframework.context.support.PropertySourcesPlaceholderConfigurer]Loading properties file from class path resource [jdbc.properties]
[INFO] [2016-09-08 16:59:24][org.springframework.context.support.ClassPathXmlApplicationContext]Refreshing org.springframework.context.support.ClassPathXmlApplicationContext@47f37ef1: startup date [Thu Sep 08 16:59:24 CST 2016]; root of context hierarchy
[INFO] [2016-09-08 16:59:24][org.springframework.beans.factory.xml.XmlBeanDefinitionReader]Loading XML bean definitions from class path resource [spring-mvc.xml]
[INFO] [2016-09-08 16:59:24][org.springframework.context.support.PropertySourcesPlaceholderConfigurer]Loading properties file from class path resource [jdbc.properties]
[INFO] [2016-09-08 17:03:43][org.springframework.context.support.ClassPathXmlApplicationContext]Refreshing org.springframework.context.support.ClassPathXmlApplicationContext@47f37ef1: startup date [Thu Sep 08 17:03:43 CST 2016]; root of context hierarchy
[INFO] [2016-09-08 17:03:43][org.springframework.beans.factory.xml.XmlBeanDefinitionReader]Loading XML bean definitions from class path resource [spring-mvc.xml]
[INFO] [2016-09-08 17:03:43][org.springframework.context.support.PropertySourcesPlaceholderConfigurer]Loading properties file from class path resource [jdbc.properties]
[INFO] [2016-09-08 17:04:12][org.springframework.context.support.ClassPathXmlApplicationContext]Refreshing org.springframework.context.support.ClassPathXmlApplicationContext@47f37ef1: startup date [Thu Sep 08 17:04:12 CST 2016]; root of context hierarchy
[INFO] [2016-09-08 17:04:12][org.springframework.beans.factory.xml.XmlBeanDefinitionReader]Loading XML bean definitions from class path resource [spring-mvc.xml]
[INFO] [2016-09-08 17:04:12][org.springframework.context.support.PropertySourcesPlaceholderConfigurer]Loading properties file from class path resource [jdbc.properties]
[INFO] [2016-09-08 17:43:07][org.springframework.context.support.ClassPathXmlApplicationContext]Refreshing org.springframework.context.support.ClassPathXmlApplicationContext@47f37ef1: startup date [Thu Sep 08 17:43:07 CST 2016]; root of context hierarchy
[INFO] [2016-09-08 17:43:07][org.springframework.beans.factory.xml.XmlBeanDefinitionReader]Loading XML bean definitions from class path resource [spring-mvc.xml]
[INFO] [2016-09-08 17:43:07][org.springframework.context.support.PropertySourcesPlaceholderConfigurer]Loading properties file from class path resource [jdbc.properties]
[INFO] [2016-09-09 10:17:50][org.springframework.context.support.ClassPathXmlApplicationContext]Refreshing org.springframework.context.support.ClassPathXmlApplicationContext@47f37ef1: startup date [Fri Sep 09 10:17:50 CST 2016]; root of context hierarchy
[INFO] [2016-09-09 10:17:50][org.springframework.beans.factory.xml.XmlBeanDefinitionReader]Loading XML bean definitions from class path resource [spring-mvc.xml]
[INFO] [2016-09-09 10:17:50][org.springframework.context.support.PropertySourcesPlaceholderConfigurer]Loading properties file from class path resource [jdbc.properties]
[INFO] [2016-09-09 10:53:16][org.springframework.context.support.ClassPathXmlApplicationContext]Refreshing org.springframework.context.support.ClassPathXmlApplicationContext@47f37ef1: startup date [Fri Sep 09 10:53:16 CST 2016]; root of context hierarchy
[INFO] [2016-09-09 10:53:16][org.springframework.beans.factory.xml.XmlBeanDefinitionReader]Loading XML bean definitions from class path resource [spring-mvc.xml]
[INFO] [2016-09-09 10:53:17][org.springframework.context.support.PropertySourcesPlaceholderConfigurer]Loading properties file from class path resource [jdbc.properties]
[INFO] [2016-09-09 14:56:10][org.springframework.context.support.ClassPathXmlApplicationContext]Refreshing org.springframework.context.support.ClassPathXmlApplicationContext@17d99928: startup date [Fri Sep 09 14:56:10 CST 2016]; root of context hierarchy
[INFO] [2016-09-09 14:56:10][org.springframework.beans.factory.xml.XmlBeanDefinitionReader]Loading XML bean definitions from class path resource [spring-mvc.xml]
[INFO] [2016-09-09 14:58:32][org.springframework.context.support.ClassPathXmlApplicationContext]Refreshing org.springframework.context.support.ClassPathXmlApplicationContext@17d99928: startup date [Fri Sep 09 14:58:32 CST 2016]; root of context hierarchy
[INFO] [2016-09-09 14:58:32][org.springframework.beans.factory.xml.XmlBeanDefinitionReader]Loading XML bean definitions from class path resource [spring-mvc.xml]
[INFO] [2016-09-09 15:00:04][org.springframework.context.support.ClassPathXmlApplicationContext]Refreshing org.springframework.context.support.ClassPathXmlApplicationContext@17d99928: startup date [Fri Sep 09 15:00:04 CST 2016]; root of context hierarchy
[INFO] [2016-09-09 15:00:04][org.springframework.beans.factory.xml.XmlBeanDefinitionReader]Loading XML bean definitions from class path resource [spring-mvc.xml]
[INFO] [2016-09-09 15:18:40][org.springframework.context.support.ClassPathXmlApplicationContext]Refreshing org.springframework.context.support.ClassPathXmlApplicationContext@17d99928: startup date [Fri Sep 09 15:18:40 CST 2016]; root of context hierarchy
[INFO] [2016-09-09 15:18:40][org.springframework.beans.factory.xml.XmlBeanDefinitionReader]Loading XML bean definitions from class path resource [spring-mvc.xml]
